[debug] > Exec(early(addDefaultCommands), None, None)
[debug] > Exec(addDefaultCommands, None, None)
[debug] > Exec(early(initialize), None, None)
[debug] > Exec(initialize, None, None)
[debug] > Exec(early(addPluginSbtFile="""C:\Users\NANJIA~1\AppData\Local\Temp\idea.sbt"""), None, None)
[debug] > Exec(addPluginSbtFile="""C:\Users\NANJIA~1\AppData\Local\Temp\idea.sbt""", None, None)
[debug] > Exec(boot, None, None)
[debug] > Exec(writeSbtVersion, None, None)
[debug] > Exec(reload, None, None)
[debug] > Exec(sbtStashOnFailure, None, None)
[debug] > Exec(onFailure loadFailed, None, None)
[debug] > Exec(loadp, None, None)
[info] welcome to sbt 1.4.9 (Oracle Corporation Java 14)
[debug]       Load.loadUnit: plugins took 347.8854ms
[debug]       Load.loadUnit: defsScala took 0.5246ms
[debug] [Loading] Scanning directory C:\Users\Nan Jiang\.sbt\1.0\plugins
[debug] [Loading] Found non-root projects 
[debug] [Loading] Done in C:\Users\Nan Jiang\.sbt\1.0\plugins, returning: ()
[debug] deducing auto plugins based on known facts Set(Atom(sbt.plugins.CorePlugin)) and clauses Clauses(List(Clause(Atom(sbt.plugins.JvmPlugin),Set(Atom(sbt.plugins.IvyPlugin))), Clause(Atom(sbt.ScriptedPlugin),Set(Atom(sbt.plugins.JvmPlugin))), Clause(Atom(sbt.plugins.SbtPlugin),Set(Atom(sbt.ScriptedPlugin))), Clause(Atom(sbt.plugins.SemanticdbPlugin),Set(Atom(sbt.plugins.JvmPlugin))), Clause(Atom(sbt.plugins.JUnitXmlReportPlugin),Set(Atom(sbt.plugins.JvmPlugin))), Clause(Atom(sbt.plugins.MiniDependencyTreePlugin),Set(Atom(sbt.plugins.JvmPlugin))), Clause(Atom(sbt.plugins.CorePlugin),Set(Atom(sbt.plugins.IvyPlugin))), Clause(Atom(sbt.plugins.IvyPlugin),Set(Atom(sbt.plugins.JvmPlugin))), Clause(Atom(sbt.plugins.JvmPlugin),Set(Atom(sbt.plugins.SemanticdbPlugin))), Clause(Atom(sbt.plugins.JvmPlugin),Set(Atom(sbt.plugins.JUnitXmlReportPlugin))), Clause(Atom(sbt.plugins.CorePlugin),Set(Atom(sbt.plugins.Giter8TemplatePlugin))), Clause(Atom(sbt.plugins.JvmPlugin),Set(Atom(sbt.plugins.MiniDependencyTreePlugin)))))
[debug]   :: deduced result: Matched(sbt.plugins.CorePlugin,sbt.plugins.Giter8TemplatePlugin,sbt.plugins.IvyPlugin,sbt.plugins.JvmPlugin,sbt.plugins.MiniDependencyTreePlugin,sbt.plugins.JUnitXmlReportPlugin,sbt.plugins.SemanticdbPlugin)
[debug] Plugins.deducer#function took 113.8847 ms
[debug]           Load.resolveProject(global-plugins) took 276.5457ms
[debug]         Load.loadTransitive: finalizeProject(Project(id global-plugins, base: C:\Users\Nan Jiang\.sbt\1.0\plugins, plugins: List(<none>))) took 465.605ms
[debug] [Loading] Done in C:\Users\Nan Jiang\.sbt\1.0\plugins, returning: (global-plugins)
[debug]       Load.loadUnit: loadedProjectsRaw took 523.6662ms
[debug]       Load.loadUnit: cleanEvalClasses took 0.5453ms
[debug]     Load.loadUnit(file:/C:/Users/Nan%20Jiang/.sbt/1.0/plugins/, ...) took 905.551ms
[debug]   Load.apply: load took 1831.471ms
[debug]   Load.apply: resolveProjects took 41.9545ms
[debug]   Load.apply: finalTransforms took 399.6299ms
[debug]   Load.apply: config.delegates took 20.5574ms
[debug]   Load.apply: Def.make(settings)... took 8189.8167ms
[debug]   Load.apply: structureIndex took 416.5625ms
[debug]   Load.apply: mkStreams took 2.4668ms
[info] loading global plugins from C:\Users\Nan Jiang\.sbt\1.0\plugins
[debug] Running task... Cancel: Signal, check cycles: false, forcegc: true
[debug] Load.defaultLoad until apply took 38823.2774ms
[debug]           Load.loadUnit: plugins took 446.7892ms
[debug]           Load.loadUnit: defsScala took 0.0089ms
[debug] [Loading] Scanning directory C:\Users\Nan Jiang\Documents\ITProject\ITSD-DT2021-Template\project
[debug]             Load.loadUnit: mkEval took 60.5564ms
[debug] [Loading] Found non-root projects 
[debug] [Loading] Done in C:\Users\Nan Jiang\Documents\ITProject\ITSD-DT2021-Template\project, returning: ()
[debug] deducing auto plugins based on known facts Set(Atom(sbt.plugins.CorePlugin)) and clauses Clauses(List(Clause(Atom(sbt.plugins.JvmPlugin),Set(Atom(sbt.plugins.IvyPlugin))), Clause(Atom(sbt.ScriptedPlugin),Set(Atom(sbt.plugins.JvmPlugin))), Clause(Atom(sbt.plugins.SbtPlugin),Set(Atom(sbt.ScriptedPlugin))), Clause(Atom(sbt.plugins.SemanticdbPlugin),Set(Atom(sbt.plugins.JvmPlugin))), Clause(Atom(sbt.plugins.JUnitXmlReportPlugin),Set(Atom(sbt.plugins.JvmPlugin))), Clause(Atom(sbt.plugins.MiniDependencyTreePlugin),Set(Atom(sbt.plugins.JvmPlugin))), Clause(Atom(sbt.plugins.CorePlugin),Set(Atom(sbt.plugins.IvyPlugin))), Clause(Atom(sbt.plugins.IvyPlugin),Set(Atom(sbt.plugins.JvmPlugin))), Clause(Atom(sbt.plugins.JvmPlugin),Set(Atom(sbt.plugins.SemanticdbPlugin))), Clause(Atom(sbt.plugins.JvmPlugin),Set(Atom(sbt.plugins.JUnitXmlReportPlugin))), Clause(Atom(sbt.plugins.CorePlugin),Set(Atom(sbt.plugins.Giter8TemplatePlugin))), Clause(Atom(sbt.plugins.JvmPlugin),Set(Atom(sbt.plugins.MiniDependencyTreePlugin)))))
[debug]   :: deduced result: Matched(sbt.plugins.CorePlugin,sbt.plugins.Giter8TemplatePlugin,sbt.plugins.IvyPlugin,sbt.plugins.JvmPlugin,sbt.plugins.MiniDependencyTreePlugin,sbt.plugins.JUnitXmlReportPlugin,sbt.plugins.SemanticdbPlugin)
[debug] Plugins.deducer#function took 3.805 ms
[info] loading settings for project itsd-dt2021-template-build from plugins.sbt,idea.sbt ...
[debug]               Load.resolveProject(itsd-dt2021-template-build) took 27.1752ms
[debug]             Load.loadTransitive: finalizeProject(Project(id itsd-dt2021-template-build, base: C:\Users\Nan Jiang\Documents\ITProject\ITSD-DT2021-Template\project, plugins: List(<none>))) took 32.0259ms
[debug] [Loading] Done in C:\Users\Nan Jiang\Documents\ITProject\ITSD-DT2021-Template\project, returning: (itsd-dt2021-template-build)
[debug]           Load.loadUnit: loadedProjectsRaw took 41078.4898ms
[debug]           Load.loadUnit: cleanEvalClasses took 310.5709ms
[debug]         Load.loadUnit(file:/C:/Users/Nan%20Jiang/Documents/ITProject/ITSD-DT2021-Template/project/, ...) took 41848.1403ms
[debug]       Load.apply: load took 41957.9681ms
[debug]       Load.apply: resolveProjects took 0.249ms
[debug]       Load.apply: finalTransforms took 18.5636ms
[debug]       Load.apply: config.delegates took 0.5221ms
[debug]       Load.apply: Def.make(settings)... took 181.0791ms
[debug]       Load.apply: structureIndex took 90.1865ms
[debug]       Load.apply: mkStreams took 0.006ms
[info] loading project definition from C:\Users\Nan Jiang\Documents\ITProject\ITSD-DT2021-Template\project
[debug] Running task... Cancel: Signal, check cycles: false, forcegc: true
[warn] Unrecognized repository Scala Plugin Bundled Repository, ignoring it
[warn] There may be incompatibilities among your library dependencies; run 'evicted' to see detailed eviction warnings.
[debug]     Load.loadUnit: plugins took 50790.6973ms
[debug]     Load.loadUnit: defsScala took 0.0065ms
[debug] [Loading] Scanning directory C:\Users\Nan Jiang\Documents\ITProject\ITSD-DT2021-Template
[debug]       Load.loadUnit: mkEval took 1.7865ms
